[13:50:12] [main/INFO]: Using mbed TLS based native cipher.
[13:50:12] [main/INFO]: Using zlib based native compressor.
[13:50:12] [main/INFO]: Enabled Waterfall version git:Waterfall-Bootstrap:1.19-R0.1-SNAPSHOT:f6069e2:513
[13:50:12] [main/INFO]: Not on Windows, attempting to use enhanced EpollEventLoop
[13:50:12] [main/INFO]: Epoll is working, utilising it!
[13:50:13] [main/INFO]: Discovered module: ModuleSpec(name=cmd_alert, file=modules/cmd_alert.jar, provider=JenkinsModuleSource())
[13:50:13] [main/INFO]: Discovered module: ModuleSpec(name=cmd_find, file=modules/cmd_find.jar, provider=JenkinsModuleSource())
[13:50:13] [main/INFO]: Discovered module: ModuleSpec(name=cmd_list, file=modules/cmd_list.jar, provider=JenkinsModuleSource())
[13:50:13] [main/INFO]: Discovered module: ModuleSpec(name=cmd_send, file=modules/cmd_send.jar, provider=JenkinsModuleSource())
[13:50:13] [main/INFO]: Discovered module: ModuleSpec(name=cmd_server, file=modules/cmd_server.jar, provider=JenkinsModuleSource())
[13:50:13] [main/INFO]: Discovered module: ModuleSpec(name=reconnect_yaml, file=modules/reconnect_yaml.jar, provider=JenkinsModuleSource())
[13:50:13] [main/INFO]: Loaded plugin reconnect_yaml version git:reconnect_yaml:1.19-R0.1-SNAPSHOT:f6069e2:513 by WaterfallMC
[13:50:13] [main/INFO]: Loaded plugin cmd_find version git:cmd_find:1.19-R0.1-SNAPSHOT:f6069e2:513 by WaterfallMC
[13:50:13] [main/INFO]: Loaded plugin cmd_server version git:cmd_server:1.19-R0.1-SNAPSHOT:f6069e2:513 by WaterfallMC
[13:50:13] [main/INFO]: Loaded plugin cmd_alert version git:cmd_alert:1.19-R0.1-SNAPSHOT:f6069e2:513 by WaterfallMC
[13:50:13] [main/INFO]: Loaded plugin cmd_send version git:cmd_send:1.19-R0.1-SNAPSHOT:f6069e2:513 by WaterfallMC
[13:50:13] [main/INFO]: Loaded plugin cmd_list version git:cmd_list:1.19-R0.1-SNAPSHOT:f6069e2:513 by WaterfallMC
[13:50:13] [main/WARN]: :>:>:>:>:>:>:>:>:>:>:>:>:>:>:>:>:>:>:>:>:>:>:>
[13:50:13] [main/WARN]: :>  
[13:50:13] [main/WARN]: :>      EAGLERCRAFTXBUNGEE WARNING:
[13:50:13] [main/WARN]: :>  
[13:50:13] [main/WARN]: :>  This plugin wasn't tested to be 'working'
[13:50:13] [main/WARN]: :>  with ANY version of BungeeCord (and forks)
[13:50:13] [main/WARN]: :>  apart from the versions listed below:
[13:50:13] [main/WARN]: :>  
[13:50:13] [main/WARN]: :>  - BungeeCord: 1.20-R0.2-SNAPSHOT:231024b:1777
[13:50:13] [main/WARN]: :>  - Waterfall: 1.20-R0.2-SNAPSHOT:d85fe36:556
[13:50:13] [main/WARN]: :>  - FlameCord: 1.1.1
[13:50:13] [main/WARN]: :>  
[13:50:13] [main/WARN]: :>  This is not a Bukkit/Spigot plugin!
[13:50:13] [main/WARN]: :>  
[13:50:13] [main/WARN]: :>  Use "-Deaglerxbungee.stfu=true" to hide
[13:50:13] [main/WARN]: :>  
[13:50:13] [main/WARN]: :>:>:>:>:>:>:>:>:>:>:>:>:>:>:>:>:>:>:>:>:>:>:>
[13:50:13] [main/WARN]: Error loading plugin EaglercraftXBungee
org.yaml.snakeyaml.scanner.ScannerException: while scanning a simple key
 in 'reader', line 49, column 5:
        motd:&e&o&n&l&o&oELECTRIC SERVER
        ^
could not find expected ':'
 in 'reader', line 50, column 1:
    &9&o&kBYUDSHVFKEHJRBGEURYJGBKUYR ... 
    ^

	at org.yaml.snakeyaml.scanner.ScannerImpl.stalePossibleSimpleKeys(ScannerImpl.java:527) ~[bungee.jar:git:Waterfall-Bootstrap:1.19-R0.1-SNAPSHOT:f6069e2:513]
	at org.yaml.snakeyaml.scanner.ScannerImpl.needMoreTokens(ScannerImpl.java:332) ~[bungee.jar:git:Waterfall-Bootstrap:1.19-R0.1-SNAPSHOT:f6069e2:513]
	at org.yaml.snakeyaml.scanner.ScannerImpl.checkToken(ScannerImpl.java:262) ~[bungee.jar:git:Waterfall-Bootstrap:1.19-R0.1-SNAPSHOT:f6069e2:513]
	at org.yaml.snakeyaml.parser.ParserImpl$ParseIndentlessSequenceEntryValue.produce(ParserImpl.java:635) ~[bungee.jar:git:Waterfall-Bootstrap:1.19-R0.1-SNAPSHOT:f6069e2:513]
	at org.yaml.snakeyaml.parser.ParserImpl$ParseIndentlessSequenceEntryKey.produce(ParserImpl.java:617) ~[bungee.jar:git:Waterfall-Bootstrap:1.19-R0.1-SNAPSHOT:f6069e2:513]
	at org.yaml.snakeyaml.parser.ParserImpl.peekEvent(ParserImpl.java:185) ~[bungee.jar:git:Waterfall-Bootstrap:1.19-R0.1-SNAPSHOT:f6069e2:513]
	at org.yaml.snakeyaml.comments.CommentEventsCollector$1.peek(CommentEventsCollector.java:57) ~[bungee.jar:git:Waterfall-Bootstrap:1.19-R0.1-SNAPSHOT:f6069e2:513]
	at org.yaml.snakeyaml.comments.CommentEventsCollector$1.peek(CommentEventsCollector.java:43) ~[bungee.jar:git:Waterfall-Bootstrap:1.19-R0.1-SNAPSHOT:f6069e2:513]
	at org.yaml.snakeyaml.comments.CommentEventsCollector.collectEvents(CommentEventsCollector.java:136) ~[bungee.jar:git:Waterfall-Bootstrap:1.19-R0.1-SNAPSHOT:f6069e2:513]
	at org.yaml.snakeyaml.comments.CommentEventsCollector.collectEvents(CommentEventsCollector.java:116) ~[bungee.jar:git:Waterfall-Bootstrap:1.19-R0.1-SNAPSHOT:f6069e2:513]
	at org.yaml.snakeyaml.composer.Composer.composeScalarNode(Composer.java:239) ~[bungee.jar:git:Waterfall-Bootstrap:1.19-R0.1-SNAPSHOT:f6069e2:513]
	at org.yaml.snakeyaml.composer.Composer.composeNode(Composer.java:208) ~[bungee.jar:git:Waterfall-Bootstrap:1.19-R0.1-SNAPSHOT:f6069e2:513]
	at org.yaml.snakeyaml.composer.Composer.composeSequenceNode(Composer.java:270) ~[bungee.jar:git:Waterfall-Bootstrap:1.19-R0.1-SNAPSHOT:f6069e2:513]
	at org.yaml.snakeyaml.composer.Composer.composeNode(Composer.java:210) ~[bungee.jar:git:Waterfall-Bootstrap:1.19-R0.1-SNAPSHOT:f6069e2:513]
	at org.yaml.snakeyaml.composer.Composer.composeValueNode(Composer.java:357) ~[bungee.jar:git:Waterfall-Bootstrap:1.19-R0.1-SNAPSHOT:f6069e2:513]
	at org.yaml.snakeyaml.composer.Composer.composeMappingChildren(Composer.java:336) ~[bungee.jar:git:Waterfall-Bootstrap:1.19-R0.1-SNAPSHOT:f6069e2:513]
	at org.yaml.snakeyaml.composer.Composer.composeMappingNode(Composer.java:311) ~[bungee.jar:git:Waterfall-Bootstrap:1.19-R0.1-SNAPSHOT:f6069e2:513]
	at org.yaml.snakeyaml.composer.Composer.composeNode(Composer.java:212) ~[bungee.jar:git:Waterfall-Bootstrap:1.19-R0.1-SNAPSHOT:f6069e2:513]
	at org.yaml.snakeyaml.composer.Composer.composeValueNode(Composer.java:357) ~[bungee.jar:git:Waterfall-Bootstrap:1.19-R0.1-SNAPSHOT:f6069e2:513]
	at org.yaml.snakeyaml.composer.Composer.composeMappingChildren(Composer.java:336) ~[bungee.jar:git:Waterfall-Bootstrap:1.19-R0.1-SNAPSHOT:f6069e2:513]
	at org.yaml.snakeyaml.composer.Composer.composeMappingNode(Composer.java:311) ~[bungee.jar:git:Waterfall-Bootstrap:1.19-R0.1-SNAPSHOT:f6069e2:513]
	at org.yaml.snakeyaml.composer.Composer.composeNode(Composer.java:212) ~[bungee.jar:git:Waterfall-Bootstrap:1.19-R0.1-SNAPSHOT:f6069e2:513]
	at org.yaml.snakeyaml.composer.Composer.composeValueNode(Composer.java:357) ~[bungee.jar:git:Waterfall-Bootstrap:1.19-R0.1-SNAPSHOT:f6069e2:513]
	at org.yaml.snakeyaml.composer.Composer.composeMappingChildren(Composer.java:336) ~[bungee.jar:git:Waterfall-Bootstrap:1.19-R0.1-SNAPSHOT:f6069e2:513]
	at org.yaml.snakeyaml.composer.Composer.composeMappingNode(Composer.java:311) ~[bungee.jar:git:Waterfall-Bootstrap:1.19-R0.1-SNAPSHOT:f6069e2:513]
	at org.yaml.snakeyaml.composer.Composer.composeNode(Composer.java:212) ~[bungee.jar:git:Waterfall-Bootstrap:1.19-R0.1-SNAPSHOT:f6069e2:513]
	at org.yaml.snakeyaml.composer.Composer.composeValueNode(Composer.java:357) ~[bungee.jar:git:Waterfall-Bootstrap:1.19-R0.1-SNAPSHOT:f6069e2:513]
	at org.yaml.snakeyaml.composer.Composer.composeMappingChildren(Composer.java:336) ~[bungee.jar:git:Waterfall-Bootstrap:1.19-R0.1-SNAPSHOT:f6069e2:513]
	at org.yaml.snakeyaml.composer.Composer.composeMappingNode(Composer.java:311) ~[bungee.jar:git:Waterfall-Bootstrap:1.19-R0.1-SNAPSHOT:f6069e2:513]
	at org.yaml.snakeyaml.composer.Composer.composeNode(Composer.java:212) ~[bungee.jar:git:Waterfall-Bootstrap:1.19-R0.1-SNAPSHOT:f6069e2:513]
	at org.yaml.snakeyaml.composer.Composer.getNode(Composer.java:134) ~[bungee.jar:git:Waterfall-Bootstrap:1.19-R0.1-SNAPSHOT:f6069e2:513]
	at org.yaml.snakeyaml.composer.Composer.getSingleNode(Composer.java:160) ~[bungee.jar:git:Waterfall-Bootstrap:1.19-R0.1-SNAPSHOT:f6069e2:513]
	at org.yaml.snakeyaml.constructor.BaseConstructor.getSingleData(BaseConstructor.java:184) ~[bungee.jar:git:Waterfall-Bootstrap:1.19-R0.1-SNAPSHOT:f6069e2:513]
	at org.yaml.snakeyaml.Yaml.loadFromReader(Yaml.java:477) ~[bungee.jar:git:Waterfall-Bootstrap:1.19-R0.1-SNAPSHOT:f6069e2:513]
	at org.yaml.snakeyaml.Yaml.loadAs(Yaml.java:470) ~[bungee.jar:git:Waterfall-Bootstrap:1.19-R0.1-SNAPSHOT:f6069e2:513]
	at net.md_5.bungee.config.YamlConfiguration.load(YamlConfiguration.java:111) ~[bungee.jar:git:Waterfall-Bootstrap:1.19-R0.1-SNAPSHOT:f6069e2:513]
	at net.md_5.bungee.config.YamlConfiguration.load(YamlConfiguration.java:79) ~[bungee.jar:git:Waterfall-Bootstrap:1.19-R0.1-SNAPSHOT:f6069e2:513]
	at net.md_5.bungee.config.YamlConfiguration.load(YamlConfiguration.java:71) ~[bungee.jar:git:Waterfall-Bootstrap:1.19-R0.1-SNAPSHOT:f6069e2:513]
	at net.lax1dude.eaglercraft.v1_8.plugin.gateway_bungeecord.config.EaglerBungeeConfig.loadConfig(EaglerBungeeConfig.java:82) ~[?:?]
	at net.lax1dude.eaglercraft.v1_8.plugin.gateway_bungeecord.EaglerXBungee.reloadConfig(EaglerXBungee.java:219) ~[?:?]
	at net.lax1dude.eaglercraft.v1_8.plugin.gateway_bungeecord.EaglerXBungee.onLoad(EaglerXBungee.java:107) ~[?:?]
	at net.md_5.bungee.api.plugin.PluginManager.enablePlugin(PluginManager.java:398) ~[bungee.jar:git:Waterfall-Bootstrap:1.19-R0.1-SNAPSHOT:f6069e2:513]
	at net.md_5.bungee.api.plugin.PluginManager.loadPlugins(PluginManager.java:300) ~[bungee.jar:git:Waterfall-Bootstrap:1.19-R0.1-SNAPSHOT:f6069e2:513]
	at net.md_5.bungee.BungeeCord.start(BungeeCord.java:287) ~[bungee.jar:git:Waterfall-Bootstrap:1.19-R0.1-SNAPSHOT:f6069e2:513]
	at net.md_5.bungee.BungeeCordLauncher.main(BungeeCordLauncher.java:67) ~[bungee.jar:git:Waterfall-Bootstrap:1.19-R0.1-SNAPSHOT:f6069e2:513]
	at net.md_5.bungee.Bootstrap.main(Bootstrap.java:15) ~[bungee.jar:git:Waterfall-Bootstrap:1.19-R0.1-SNAPSHOT:f6069e2:513]
[13:50:13] [main/WARN]: Could not load server icon
java.lang.IllegalArgumentException: Server icon must be exactly 64x64 pixels
	at net.md_5.bungee.api.Favicon.create(Favicon.java:65) ~[bungee.jar:git:Waterfall-Bootstrap:1.19-R0.1-SNAPSHOT:f6069e2:513]
	at net.md_5.bungee.conf.Configuration.load(Configuration.java:89) ~[bungee.jar:git:Waterfall-Bootstrap:1.19-R0.1-SNAPSHOT:f6069e2:513]
	at io.github.waterfallmc.waterfall.conf.WaterfallConfiguration.load(WaterfallConfiguration.java:67) ~[bungee.jar:git:Waterfall-Bootstrap:1.19-R0.1-SNAPSHOT:f6069e2:513]
	at net.md_5.bungee.BungeeCord.start(BungeeCord.java:288) ~[bungee.jar:git:Waterfall-Bootstrap:1.19-R0.1-SNAPSHOT:f6069e2:513]
	at net.md_5.bungee.BungeeCordLauncher.main(BungeeCordLauncher.java:67) ~[bungee.jar:git:Waterfall-Bootstrap:1.19-R0.1-SNAPSHOT:f6069e2:513]
	at net.md_5.bungee.Bootstrap.main(Bootstrap.java:15) ~[bungee.jar:git:Waterfall-Bootstrap:1.19-R0.1-SNAPSHOT:f6069e2:513]
[13:50:14] [main/WARN]: Forced host server pvp is not defined
[13:50:14] [main/INFO]: Enabled plugin reconnect_yaml version git:reconnect_yaml:1.19-R0.1-SNAPSHOT:f6069e2:513 by WaterfallMC
[13:50:14] [main/INFO]: Enabled plugin cmd_find version git:cmd_find:1.19-R0.1-SNAPSHOT:f6069e2:513 by WaterfallMC
[13:50:14] [main/INFO]: Enabled plugin cmd_server version git:cmd_server:1.19-R0.1-SNAPSHOT:f6069e2:513 by WaterfallMC
[13:50:14] [main/INFO]: Enabled plugin cmd_alert version git:cmd_alert:1.19-R0.1-SNAPSHOT:f6069e2:513 by WaterfallMC
[13:50:14] [main/INFO]: Enabled plugin cmd_send version git:cmd_send:1.19-R0.1-SNAPSHOT:f6069e2:513 by WaterfallMC
[13:50:14] [main/INFO]: Enabled plugin cmd_list version git:cmd_list:1.19-R0.1-SNAPSHOT:f6069e2:513 by WaterfallMC
[13:50:14] [main/WARN]: Exception encountered when loading plugin: EaglercraftXBungee
java.lang.NullPointerException: Cannot invoke "net.lax1dude.eaglercraft.v1_8.plugin.gateway_bungeecord.config.EaglerBungeeConfig.getAuthConfig()" because "this.conf" is null
	at net.lax1dude.eaglercraft.v1_8.plugin.gateway_bungeecord.EaglerXBungee.onEnable(EaglerXBungee.java:119) ~[?:?]
	at net.md_5.bungee.api.plugin.PluginManager.enablePlugins(PluginManager.java:315) ~[bungee.jar:git:Waterfall-Bootstrap:1.19-R0.1-SNAPSHOT:f6069e2:513]
	at net.md_5.bungee.BungeeCord.start(BungeeCord.java:299) ~[bungee.jar:git:Waterfall-Bootstrap:1.19-R0.1-SNAPSHOT:f6069e2:513]
	at net.md_5.bungee.BungeeCordLauncher.main(BungeeCordLauncher.java:67) ~[bungee.jar:git:Waterfall-Bootstrap:1.19-R0.1-SNAPSHOT:f6069e2:513]
	at net.md_5.bungee.Bootstrap.main(Bootstrap.java:15) ~[bungee.jar:git:Waterfall-Bootstrap:1.19-R0.1-SNAPSHOT:f6069e2:513]
[13:50:14] [Netty Boss IO Thread #0/INFO]: Listening on /127.0.0.1:25577
[14:04:10] [main/ERROR]: Exception in thread "main" java.io.IOError: java.io.IOException: Input/output error
[14:04:10] [main/ERROR]: 	at org.jline.keymap.BindingReader.readCharacter(BindingReader.java:170)
[14:04:10] [main/ERROR]: 	at org.jline.keymap.BindingReader.readBinding(BindingReader.java:110)
[14:04:10] [main/ERROR]: 	at org.jline.keymap.BindingReader.readBinding(BindingReader.java:61)
[14:04:10] [main/ERROR]: 	at org.jline.reader.impl.LineReaderImpl.doReadBinding(LineReaderImpl.java:923)
[14:04:10] [main/ERROR]: 	at org.jline.reader.impl.LineReaderImpl.readBinding(LineReaderImpl.java:956)
[14:04:10] [main/ERROR]: 	at org.jline.reader.impl.LineReaderImpl.readLine(LineReaderImpl.java:651)
[14:04:10] [main/ERROR]: 	at org.jline.reader.impl.LineReaderImpl.readLine(LineReaderImpl.java:468)
[14:04:10] [main/ERROR]: 	at net.minecrell.terminalconsole.SimpleTerminalConsole.readCommands(SimpleTerminalConsole.java:158)
[14:04:10] [main/ERROR]: 	at net.minecrell.terminalconsole.SimpleTerminalConsole.start(SimpleTerminalConsole.java:141)
[14:04:10] [main/ERROR]: 	at net.md_5.bungee.BungeeCordLauncher.main(BungeeCordLauncher.java:72)
[14:04:10] [main/ERROR]: 	at net.md_5.bungee.Bootstrap.main(Bootstrap.java:15)
[14:04:10] [main/ERROR]: Caused by: java.io.IOException: Input/output error
[14:04:10] [main/ERROR]: 	at java.base/java.io.FileInputStream.read0(Native Method)
[14:04:10] [main/ERROR]: 	at java.base/java.io.FileInputStream.read(FileInputStream.java:231)
[14:04:10] [main/ERROR]: 	at org.jline.terminal.impl.AbstractPty$PtyInputStream.read(AbstractPty.java:73)
[14:04:10] [main/ERROR]: 	at org.jline.utils.NonBlockingInputStream.read(NonBlockingInputStream.java:62)
[14:04:10] [main/ERROR]: 	at org.jline.utils.NonBlocking$NonBlockingInputStreamReader.read(NonBlocking.java:168)
[14:04:10] [main/ERROR]: 	at org.jline.utils.NonBlockingReader.read(NonBlockingReader.java:57)
[14:04:10] [main/ERROR]: 	at org.jline.keymap.BindingReader.readCharacter(BindingReader.java:160)
[14:04:10] [main/ERROR]: 	... 10 more
